[34m[INFO][0m Starting fresh installation...
[34m[INFO][0m Checking dependencies...
[32m[OK][0m All dependencies found
[34m[INFO][0m Installing npm dependencies...
[34m[INFO][0m Cleaning up old processes...
[32m[OK][0m Old processes cleaned
[34m[INFO][0m Stopping Docker containers...
[32m[OK][0m Docker containers stopped
[34m[INFO][0m Starting fresh deployment...
[32m[OK][0m ✅ Fresh installation completed successfully!
[34m[INFO][0m Timeout reached. Selecting recommended option: Fresh Installation (Recommended)
[34m[INFO][0m Starting fresh installation...
[34m[INFO][0m Checking dependencies...
[32m[OK][0m All dependencies found
[34m[INFO][0m Installing npm dependencies...
[34m[INFO][0m Cleaning up old processes...
[32m[OK][0m Old processes cleaned
[34m[INFO][0m Stopping Docker containers...
[32m[OK][0m Docker containers stopped
[34m[INFO][0m Starting fresh deployment...
[32m[OK][0m ✅ Fresh installation completed successfully!
[34m[INFO][0m Starting fresh installation...
[34m[INFO][0m Checking dependencies...
[32m[OK][0m All dependencies found
[34m[INFO][0m Installing npm dependencies...
[34m[INFO][0m Cleaning up old processes...
[32m[OK][0m Old processes cleaned
[34m[INFO][0m Stopping Docker containers...
[32m[OK][0m Docker containers stopped
[34m[INFO][0m Starting fresh deployment...
[32m[OK][0m ✅ Fresh installation completed successfully!
[31m[ERROR][0m Invalid option. Please try again.
[31m[ERROR][0m Invalid option. Please try again.
